<?xml version="1.0" encoding="UTF-8"?>
<!-- Generated by org.testng.reporters.JUnitReportReporter -->
<testsuite hostname="DESKTOP-BA319U8" failures="0" tests="1" name="com.zoopla.testcases.ZooplaHomeTest" time="40.835" errors="0" timestamp="12 Apr 2019 12:48:43 GMT">
  <testcase classname="com.zoopla.testcases.ZooplaHomeTest" name="zooplaTest" time="40.835"/>
</testsuite> <!-- com.zoopla.testcases.ZooplaHomeTest -->
